<?xml version="1.0" encoding="UTF-8"?>
<testng-results skipped="0" failed="1" total="1" passed="0">
  <reporter-output>
  </reporter-output>
  <suite name="Default suite" duration-ms="89851" started-at="2017-03-06T10:35:38Z" finished-at="2017-03-06T10:37:08Z">
    <groups>
    </groups>
    <test name="Default test" duration-ms="89851" started-at="2017-03-06T10:35:38Z" finished-at="2017-03-06T10:37:08Z">
      <class name="testcases.Sendmoney_senario">
        <test-method status="PASS" signature="beforeSuite()[pri:0, instance:testcases.Sendmoney_senario@16eb2ec]" name="beforeSuite" is-config="true" duration-ms="393" started-at="2017-03-06T16:05:37Z" finished-at="2017-03-06T16:05:38Z">
          <reporter-output>
          </reporter-output>
        </test-method> <!-- beforeSuite -->
        <test-method status="FAIL" signature="SMRP_2(java.lang.String, java.lang.String, java.lang.String, java.lang.String, java.lang.String, java.lang.String, java.lang.String)[pri:0, instance:testcases.Sendmoney_senario@16eb2ec]" name="SMRP_2" duration-ms="89586" started-at="2017-03-06T16:05:38Z" data-provider="SM_2" finished-at="2017-03-06T16:07:08Z">
          <params>
            <param index="0">
              <value>
                <![CDATA[111111]]>
              </value>
            </param>
            <param index="1">
              <value>
                <![CDATA[Punjab National Bank]]>
              </value>
            </param>
            <param index="2">
              <value>
                <![CDATA[vimalupi@punb]]>
              </value>
            </param>
            <param index="3">
              <value>
                <![CDATA[ragavi@idfb]]>
              </value>
            </param>
            <param index="4">
              <value>
                <![CDATA[10]]>
              </value>
            </param>
            <param index="5">
              <value>
                <![CDATA[123456]]>
              </value>
            </param>
            <param index="6">
              <value>
                <![CDATA[Transaction completed successfully]]>
              </value>
            </param>
          </params>
          <exception class="java.lang.RuntimeException">
            <message>
              <![CDATA[FAILED]]>
            </message>
            <full-stacktrace>
              <![CDATA[java.lang.RuntimeException: FAILED
	at utils.Reporter.reportStep(Reporter.java:40)
	at pages.PNBPayNPCIPage.getreferenceIdByXpath(PNBPayNPCIPage.java:142)
	at testcases.Sendmoney_senario.SMRP_2(Sendmoney_senario.java:111)
	at sun.reflect.NativeMethodAccessorImpl.invoke0(Native Method)
	at sun.reflect.NativeMethodAccessorImpl.invoke(Unknown Source)
	at sun.reflect.DelegatingMethodAccessorImpl.invoke(Unknown Source)
	at java.lang.reflect.Method.invoke(Unknown Source)
	at org.testng.internal.MethodInvocationHelper.invokeMethod(MethodInvocationHelper.java:85)
	at org.testng.internal.Invoker.invokeMethod(Invoker.java:639)
	at org.testng.internal.Invoker.invokeTestMethod(Invoker.java:816)
	at org.testng.internal.Invoker.invokeTestMethods(Invoker.java:1124)
	at org.testng.internal.TestMethodWorker.invokeTestMethods(TestMethodWorker.java:125)
	at org.testng.internal.TestMethodWorker.run(TestMethodWorker.java:108)
	at org.testng.TestRunner.privateRun(TestRunner.java:774)
	at org.testng.TestRunner.run(TestRunner.java:624)
	at org.testng.SuiteRunner.runTest(SuiteRunner.java:359)
	at org.testng.SuiteRunner.runSequentially(SuiteRunner.java:354)
	at org.testng.SuiteRunner.privateRun(SuiteRunner.java:312)
	at org.testng.SuiteRunner.run(SuiteRunner.java:261)
	at org.testng.SuiteRunnerWorker.runSuite(SuiteRunnerWorker.java:52)
	at org.testng.SuiteRunnerWorker.run(SuiteRunnerWorker.java:86)
	at org.testng.TestNG.runSuitesSequentially(TestNG.java:1215)
	at org.testng.TestNG.runSuitesLocally(TestNG.java:1140)
	at org.testng.TestNG.run(TestNG.java:1048)
	at org.testng.remote.RemoteTestNG.run(RemoteTestNG.java:112)
	at org.testng.remote.RemoteTestNG.initAndRun(RemoteTestNG.java:205)
	at org.testng.remote.RemoteTestNG.main(RemoteTestNG.java:176)
]]>
            </full-stacktrace>
          </exception> <!-- java.lang.RuntimeException -->
          <reporter-output>
          </reporter-output>
        </test-method> <!-- SMRP_2 -->
        <test-method status="PASS" signature="afterSuite()[pri:0, instance:testcases.Sendmoney_senario@16eb2ec]" name="afterSuite" is-config="true" duration-ms="344" started-at="2017-03-06T16:07:08Z" finished-at="2017-03-06T16:07:08Z">
          <reporter-output>
          </reporter-output>
        </test-method> <!-- afterSuite -->
      </class> <!-- testcases.Sendmoney_senario -->
    </test> <!-- Default test -->
  </suite> <!-- Default suite -->
</testng-results>
